[1,"- The project is out-of-sync -- use `\u001B]8;;x-r-run:renv::status()\u0007renv::status()\u001B]8;;\u0007` for details.\n"]
[1,"Installing 'tidyverse' ...\n"]
[1,"[1/21] Installing broom...\n"]
[1,"# Downloading packages -------------------------------------------------------\n"]
[1,"- Downloading broom from CRAN ...               "]
[1,"OK [1.8 Mb in 0.72s]\n"]
[1,"- Downloading backports from CRAN ...           "]
[1,"OK [119.5 Kb in 0.46s]\n"]
[1,"- Downloading purrr from CRAN ...               "]
[1,"OK [566.5 Kb in 0.58s]\n"]
[1,"Successfully downloaded 3 packages in 5.9 seconds.\n"]
[1,"The following package(s) will be installed:\n"]
[1,"- backports [1.5.0]\n"]
[1,"- broom     [1.0.10]\n"]
[1,"- cpp11     [0.5.2]\n"]
[1,"- purrr     [1.2.0]\n"]
[1,"- tidyr     [1.3.1]\n"]
[1,"These packages will be installed into \"~/Documents/Caleb/Courses/GenotypeByEnvironment/AGRo896-003GXEProject/renv/library/macos/R-4.4/x86_64-apple-darwin20\".\n"]
[1,"# Installing packages --------------------------------------------------------\n"]
[1,"- Installing backports ...                      "]
[1,"OK [installed binary and cached in 0.17s]\n"]
[1,"- Installing purrr ...                          "]
[1,"OK [installed binary and cached in 0.18s]\n"]
[1,"- Installing cpp11 ...                          OK [linked from cache]\n"]
[1,"- Installing tidyr ...                          OK [linked from cache]\n"]
[1,"- Installing broom ...                          "]
[1,"OK [installed binary and cached in 0.19s]\n"]
[1,"Successfully installed 5 packages in 0.69 seconds.\n"]
[1,"[2/21] Installing conflicted...\n"]
[1,"# Downloading packages -------------------------------------------------------\n"]
[1,"- Downloading conflicted from CRAN ...          "]
[1,"OK [54.2 Kb in 0.36s]\n"]
[1,"- Downloading memoise from CRAN ...             "]
[1,"OK [47.9 Kb in 0.37s]\n"]
[1,"- Downloading cachem from CRAN ...              "]
[1,"OK [67.9 Kb in 0.39s]\n"]
[1,"- Downloading fastmap from CRAN ...             "]
[1,"OK [196.9 Kb in 0.48s]\n"]
[1,"Successfully downloaded 4 packages in 2.6 seconds.\n"]
[1,"The following package(s) will be installed:\n"]
[1,"- cachem     [1.1.0]\n"]
[1,"- conflicted [1.2.0]\n"]
[1,"- fastmap    [1.2.0]\n"]
[1,"- memoise    [2.0.1]\n"]
[1,"These packages will be installed into \"~/Documents/Caleb/Courses/GenotypeByEnvironment/AGRo896-003GXEProject/renv/library/macos/R-4.4/x86_64-apple-darwin20\".\n"]
[1,"# Installing packages --------------------------------------------------------\n"]
[1,"- Installing fastmap ...                        "]
[1,"OK [installed binary and cached in 0.16s]\n"]
[1,"- Installing cachem ...                         "]
[1,"OK [installed binary and cached in 0.17s]\n"]
[1,"- Installing memoise ...                        "]
[1,"OK [installed binary and cached in 0.15s]\n"]
[1,"- Installing conflicted ...                     "]
[1,"OK [installed binary and cached in 0.16s]\n"]
[1,"Successfully installed 4 packages in 0.8 seconds.\n"]
[1,"[3/21] Installing dbplyr...\n"]
[1,"# Downloading packages -------------------------------------------------------\n"]
[1,"- Downloading dbplyr from CRAN ...              "]
[1,"OK [540.7 Kb in 0.55s]\n"]
[1,"- Downloading blob from CRAN ...                "]
[1,"OK [46.5 Kb in 0.37s]\n"]
[1,"- Downloading DBI from CRAN ...                 "]
[1,"OK [888.4 Kb in 0.65s]\n"]
[1,"Successfully downloaded 3 packages in 2.1 seconds.\n"]
[1,"The following package(s) will be installed:\n"]
[1,"- blob   [1.2.4]\n"]
[1,"- DBI    [1.2.3]\n"]
[1,"- dbplyr [2.5.1]\n"]
[1,"These packages will be installed into \"~/Documents/Caleb/Courses/GenotypeByEnvironment/AGRo896-003GXEProject/renv/library/macos/R-4.4/x86_64-apple-darwin20\".\n"]
[1,"# Installing packages --------------------------------------------------------\n"]
[1,"- Installing blob ...                           "]
[1,"OK [installed binary and cached in 0.15s]\n"]
[1,"- Installing DBI ...                            "]
[1,"OK [installed binary and cached in 0.18s]\n"]
[1,"- Installing dbplyr ...                         "]
[1,"FAILED\n"]
[1,"Traceback (most recent calls last):\n"]
[1,"17: .rs.sourceWithProgress(script = \"/var/folders/d9/01b4jcpx7wgdjpzrr7qp9kjr0000gn/T/d414-4c8c-cc19-d83b\", \n"]
[1,"        encoding = \"UTF-8\", con = stdout(), importRdata = NULL, exportRdata = NULL)\n"]
[1,"16: eval(statements[[idx]], envir = globalenv())\n"]
[1,"15: eval(statements[[idx]], envir = globalenv())\n"]
[1,"14: renv::install(\"dbplyr\")\n"]
[1,"13: renv_install_impl(records)\n"]
[1,"12: renv_install_staged(records)\n"]
[1,"11: renv_install_default(records)\n"]
[1,"10: handler(package, renv_install_package(record))\n"]
[1," 9: renv_install_package(record)\n"]
[1," 8: withCallingHandlers(renv_install_package_impl(record), error = function(e) writef(\"FAILED\"))\n"]
[1," 7: renv_install_package_impl(record)\n"]
[1," 6: r_cmd_install(package, path)\n"]
[1," 5: renv_scope_install()\n"]
[1," 4: renv_scope_install_macos(scope)\n"]
[1," 3: renv_system_exec(command = R(), args = args, action = \"executing R CMD config CC\")\n"]
[1," 2: abort(sprintf(\"error %s [error code %i]\", action, status), body = renv_system_exec_details(command, \n"]
[1,"        args, output))\n"]
[1," 1: stop(fallback)\n"]
[2,"/Library/Frameworks/R.framework/Versions/4.4-x86_64/Resources/bin/R CMD config CC\n================================================================================\n\nYou have not agreed to the Xcode license agreements. Please run 'sudo xcodebuild -license' from within a Terminal window to review and agree to the Xcode and Apple SDKs license.\nYou have not agreed to the Xcode license agreements. Please run 'sudo xcodebuild -license' from within a Terminal window to review and agree to the Xcode and Apple SDKs license.\nYou have not agreed to the Xcode license agreements. Please run 'sudo xcodebuild -license' from within a Terminal window to review and agree to the Xcode and Apple SDKs license.\nYou have not agreed to the Xcode license agreements. Please run 'sudo xcodebuild -license' from within a Terminal window to review and agree to the Xcode and Apple SDKs license.\nYou have not agreed to the Xcode license agreements. Please run 'sudo xcodebuild -license' from within a Terminal window to review and agree to the Xcode and Apple SDKs license.\nYou have not agreed to the Xcode license agreements. Please run 'sudo xcodebuild -license' from within a Terminal window to review and agree to the Xcode and Apple SDKs license.\n\nError: error executing R CMD config CC [error code 69]\nExecution halted\n"]
